<?xml version="1.0" encoding="UTF-8"?>
<testng-results ignored="0" total="1" passed="1" failed="0" skipped="0">
  <reporter-output>
  </reporter-output>
  <suite started-at="2025-08-06T17:33:51 IST" name="Default suite" finished-at="2025-08-06T17:35:18 IST" duration-ms="86268">
    <groups>
    </groups>
    <test started-at="2025-08-06T17:33:51 IST" name="Default test" finished-at="2025-08-06T17:35:18 IST" duration-ms="86268">
      <class name="Maven.Master.BOM">
        <test-method is-config="true" signature="setUp()[pri:0, instance:Maven.Master.BOM@41a2befb]" started-at="2025-08-06T17:33:51 IST" name="setUp" finished-at="2025-08-06T17:34:01 IST" duration-ms="9404" status="PASS">
          <reporter-output>
          </reporter-output>
        </test-method> <!-- setUp -->
        <test-method signature="fillBOMFormWithRandomName()[pri:0, instance:Maven.Master.BOM@41a2befb]" started-at="2025-08-06T17:34:01 IST" name="fillBOMFormWithRandomName" finished-at="2025-08-06T17:35:17 IST" duration-ms="76536" status="PASS">
          <reporter-output>
          </reporter-output>
        </test-method> <!-- fillBOMFormWithRandomName -->
        <test-method is-config="true" signature="teardown()[pri:0, instance:Maven.Master.BOM@41a2befb]" started-at="2025-08-06T17:35:17 IST" name="teardown" finished-at="2025-08-06T17:35:18 IST" duration-ms="276" status="PASS">
          <reporter-output>
          </reporter-output>
        </test-method> <!-- teardown -->
      </class> <!-- Maven.Master.BOM -->
    </test> <!-- Default test -->
  </suite> <!-- Default suite -->
</testng-results>
